<?xml version="1.0" encoding="UTF-8"?>
<!-- Generated by org.testng.reporters.JUnitReportReporter -->
<testsuite hostname="CBT-014" name="delta.main.DeltaDriver" tests="2" failures="0" timestamp="4 Sep 2016 07:49:52 GMT" time="24.718" errors="0">
  <testcase name="testScenarios" time="14.917" classname="delta.main.DeltaDriver"/>
  <testcase name="testScenarios" time="9.801" classname="delta.main.DeltaDriver"/>
</testsuite> <!-- delta.main.DeltaDriver -->
