<?xml version="1.0" encoding="UTF-8"?>
<!-- Generated by org.testng.reporters.JUnitReportReporter -->
<testsuite hostname="CBT-014" name="delta.main.DeltaDriver" tests="2" failures="0" timestamp="10 Sep 2016 10:49:16 GMT" time="45.001" errors="0">
  <testcase name="testScenarios" time="17.353" classname="delta.main.DeltaDriver"/>
  <testcase name="testScenarios" time="27.648" classname="delta.main.DeltaDriver"/>
</testsuite> <!-- delta.main.DeltaDriver -->
